\BOOKMARK [1][-]{section.1}{Introduction}{}% 1
\BOOKMARK [2][-]{subsection.1.1}{Domaine d'application}{section.1}% 2
\BOOKMARK [1][-]{section.2}{Sch\351ma conceptuel}{}% 3
\BOOKMARK [1][-]{section.3}{Sch\351ma logique relationnel}{}% 4
\BOOKMARK [1][-]{section.4}{Code SQL}{}% 5
\BOOKMARK [2][-]{subsection.4.1}{Description du code de cr\351ation de la base de donn\351es}{section.4}% 6
\BOOKMARK [2][-]{subsection.4.2}{\311l\351ments de SQL avanc\351}{section.4}% 7
\BOOKMARK [3][-]{subsubsection.4.2.1}{Contraintes garanties par des check}{subsection.4.2}% 8
\BOOKMARK [3][-]{subsubsection.4.2.2}{Requ\352tes de consultation}{subsection.4.2}% 9
\BOOKMARK [3][-]{subsubsection.4.2.3}{Requ\352tes de mise \340 jour}{subsection.4.2}% 10
\BOOKMARK [3][-]{subsubsection.4.2.4}{Vues utilis\351es}{subsection.4.2}% 11
\BOOKMARK [3][-]{subsubsection.4.2.5}{D\351clencheurs}{subsection.4.2}% 12
\BOOKMARK [3][-]{subsubsection.4.2.6}{Droits d'acc\350s}{subsection.4.2}% 13
\BOOKMARK [1][-]{section.5}{Description de l'application Web}{}% 14
\BOOKMARK [1][-]{section.6}{D\351veloppement du projet}{}% 15
\BOOKMARK [2][-]{subsection.6.1}{Travail conceptuel et outils employ\351s pour d\351marrer le projet}{section.6}% 16
\BOOKMARK [2][-]{subsection.6.2}{Design et techniques de travail }{section.6}% 17
\BOOKMARK [2][-]{subsection.6.3}{QUELQUES SCENARIOS DE TEST}{section.6}% 18
\BOOKMARK [1][-]{section.7}{Conclusion}{}% 19
\BOOKMARK [2][-]{subsection.7.1}{DEFIS ET SOLUTIONS}{section.7}% 20
\BOOKMARK [2][-]{subsection.7.2}{LIMITES ET POSSIBILITES DE DEVELOPPEMENT}{section.7}% 21
